Arguments: 
  C:\Program Files\nodejs\node.exe C:\Users\carol\AppData\Roaming\npm\node_modules\yarn\bin\yarn.js add moment

PATH: 
  C:\Users\carol\bin;C:\Program Files\Git\mingw64\bin;C:\Program Files\Git\usr\local\bin;C:\Program Files\Git\usr\bin;C:\Program Files\Git\usr\bin;C:\Program Files\Git\mingw64\bin;C:\Program Files\Git\usr\bin;C:\Users\carol\bin;C:\WINDOWS;C:\WINDOWS\system32;C:\Program Files\nodejs;C:\Program Files\Java\jdk-13.0.2\bin;F:\galenframework;C:\Program Files\dotnet;C:\Users\carol\AppData\Local\Microsoft\WindowsApps;C:\Users\carol\AppData\Local\Programs\Microsoft VS Code\bin;C:\Users\carol\AppData\Roaming\npm;C:\Program Files\Git\usr\bin\vendor_perl;C:\Program Files\Git\usr\bin\core_perl

Yarn version: 
  1.22.4

Node version: 
  12.16.1

Platform: 
  win32 x64

Trace: 
  Error: EPERM: operation not permitted, unlink 'F:\TrabalhoCarol\DashboardTest\node_modules\node-sass\vendor\win32-x64-72\binding.node'

npm manifest: 
  {
    "name": "light-bootstrap-dashboard-react",
    "version": "1.3.0",
    "private": true,
    "dependencies": {
      "bootstrap": "3.3.7",
      "chartist": "0.10.1",
      "node-sass": "4.12.0",
      "react": "16.8.6",
      "react-bootstrap": "0.32.4",
      "react-chartist": "0.13.3",
      "react-dom": "16.8.6",
      "react-google-maps": "9.4.5",
      "react-notification-system": "0.2.17",
      "react-router": "5.0.0",
      "react-router-dom": "5.0.0",
      "react-scripts": "3.0.0",
      "react-toggle": "4.0.2"
    },
    "devDependencies": {
      "@types/googlemaps": "3.30.19",
      "@types/markerclustererplus": "2.1.33",
      "@types/react": "16.8.13",
      "typescript": "3.4.3"
    },
    "scripts": {
      "start": "react-scripts start",
      "build": "react-scripts build",
      "test": "react-scripts test --env=jsdom",
      "eject": "react-scripts eject",
      "install:clean": "rm -rf node_modules/ && rm -rf package-lock.json && npm install && npm start",
      "compile-sass": "node-sass src/assets/sass/light-bootstrap-dashboard-react.scss src/assets/css/light-bootstrap-dashboard-react.css",
      "minify-sass": "node-sass src/assets/sass/light-bootstrap-dashboard-react.scss src/assets/css/light-bootstrap-dashboard-react.min.css --output-style compressed",
      "map-sass": "node-sass src/assets/sass/light-bootstrap-dashboard-react.scss src/assets/css/light-bootstrap-dashboard-react.css --source-map true"
    },
    "browserslist": {
      "production": [
        ">0.2%",
        "not dead",
        "not op_mini all"
      ],
      "development": [
        "last 1 chrome version",
        "last 1 firefox version",
        "last 1 safari version"
      ]
    }
  }

yarn manifest: 
  No manifest

Lockfile: 
  No lockfile
